{"total": {"lines":{"total":626,"covered":619,"skipped":0,"pct":98.88},"statements":{"total":673,"covered":655,"skipped":0,"pct":97.32},"functions":{"total":108,"covered":108,"skipped":0,"pct":100},"branches":{"total":688,"covered":539,"skipped":0,"pct":78.34},"branchesTrue":{"total":0,"covered":0,"skipped":0,"pct":100}}
,"F:\\Projects\\Mods\\Tarkov\\TarkovLogsLib\\src\\TarkovLogsParser.ts": {"lines":{"total":76,"covered":76,"skipped":0,"pct":100},"functions":{"total":12,"covered":12,"skipped":0,"pct":100},"statements":{"total":80,"covered":78,"skipped":0,"pct":97.5},"branches":{"total":64,"covered":57,"skipped":0,"pct":89.06}}
,"F:\\Projects\\Mods\\Tarkov\\TarkovLogsLib\\src\\cache\\gameDataCache.ts": {"lines":{"total":29,"covered":29,"skipped":0,"pct":100},"functions":{"total":6,"covered":6,"skipped":0,"pct":100},"statements":{"total":31,"covered":31,"skipped":0,"pct":100},"branches":{"total":14,"covered":14,"skipped":0,"pct":100}}
,"F:\\Projects\\Mods\\Tarkov\\TarkovLogsLib\\src\\parsers\\aiDataLogsParser.ts": {"lines":{"total":16,"covered":16,"skipped":0,"pct":100},"functions":{"total":4,"covered":4,"skipped":0,"pct":100},"statements":{"total":16,"covered":16,"skipped":0,"pct":100},"branches":{"total":15,"covered":12,"skipped":0,"pct":80}}
,"F:\\Projects\\Mods\\Tarkov\\TarkovLogsLib\\src\\parsers\\aiErrorsLogsParser.ts": {"lines":{"total":16,"covered":16,"skipped":0,"pct":100},"functions":{"total":4,"covered":4,"skipped":0,"pct":100},"statements":{"total":16,"covered":16,"skipped":0,"pct":100},"branches":{"total":16,"covered":13,"skipped":0,"pct":81.25}}
,"F:\\Projects\\Mods\\Tarkov\\TarkovLogsLib\\src\\parsers\\applicationLogsParser.ts": {"lines":{"total":39,"covered":39,"skipped":0,"pct":100},"functions":{"total":5,"covered":5,"skipped":0,"pct":100},"statements":{"total":39,"covered":39,"skipped":0,"pct":100},"branches":{"total":55,"covered":49,"skipped":0,"pct":89.09}}
,"F:\\Projects\\Mods\\Tarkov\\TarkovLogsLib\\src\\parsers\\backendCacheLogsParser.ts": {"lines":{"total":19,"covered":19,"skipped":0,"pct":100},"functions":{"total":4,"covered":4,"skipped":0,"pct":100},"statements":{"total":19,"covered":19,"skipped":0,"pct":100},"branches":{"total":15,"covered":11,"skipped":0,"pct":73.33}}
,"F:\\Projects\\Mods\\Tarkov\\TarkovLogsLib\\src\\parsers\\backendLogsParser.ts": {"lines":{"total":30,"covered":30,"skipped":0,"pct":100},"functions":{"total":4,"covered":4,"skipped":0,"pct":100},"statements":{"total":30,"covered":30,"skipped":0,"pct":100},"branches":{"total":40,"covered":31,"skipped":0,"pct":77.5}}
,"F:\\Projects\\Mods\\Tarkov\\TarkovLogsLib\\src\\parsers\\backendQueueLogsParser.ts": {"lines":{"total":16,"covered":16,"skipped":0,"pct":100},"functions":{"total":4,"covered":4,"skipped":0,"pct":100},"statements":{"total":17,"covered":16,"skipped":0,"pct":94.11},"branches":{"total":17,"covered":12,"skipped":0,"pct":70.58}}
,"F:\\Projects\\Mods\\Tarkov\\TarkovLogsLib\\src\\parsers\\base.ts": {"lines":{"total":30,"covered":30,"skipped":0,"pct":100},"functions":{"total":8,"covered":8,"skipped":0,"pct":100},"statements":{"total":34,"covered":34,"skipped":0,"pct":100},"branches":{"total":16,"covered":16,"skipped":0,"pct":100}}
,"F:\\Projects\\Mods\\Tarkov\\TarkovLogsLib\\src\\parsers\\errorsLogsParser.ts": {"lines":{"total":28,"covered":28,"skipped":0,"pct":100},"functions":{"total":4,"covered":4,"skipped":0,"pct":100},"statements":{"total":44,"covered":44,"skipped":0,"pct":100},"branches":{"total":45,"covered":42,"skipped":0,"pct":93.33}}
,"F:\\Projects\\Mods\\Tarkov\\TarkovLogsLib\\src\\parsers\\filesCheckerLogsParser.ts": {"lines":{"total":19,"covered":18,"skipped":0,"pct":94.73},"functions":{"total":4,"covered":4,"skipped":0,"pct":100},"statements":{"total":19,"covered":18,"skipped":0,"pct":94.73},"branches":{"total":19,"covered":14,"skipped":0,"pct":73.68}}
,"F:\\Projects\\Mods\\Tarkov\\TarkovLogsLib\\src\\parsers\\index.ts": {"lines":{"total":1,"covered":1,"skipped":0,"pct":100},"functions":{"total":1,"covered":1,"skipped":0,"pct":100},"statements":{"total":1,"covered":1,"skipped":0,"pct":100},"branches":{"total":0,"covered":0,"skipped":0,"pct":100}}
,"F:\\Projects\\Mods\\Tarkov\\TarkovLogsLib\\src\\parsers\\insuranceLogsParser.ts": {"lines":{"total":17,"covered":17,"skipped":0,"pct":100},"functions":{"total":4,"covered":4,"skipped":0,"pct":100},"statements":{"total":17,"covered":17,"skipped":0,"pct":100},"branches":{"total":16,"covered":13,"skipped":0,"pct":81.25}}
,"F:\\Projects\\Mods\\Tarkov\\TarkovLogsLib\\src\\parsers\\inventoryLogsParser.ts": {"lines":{"total":39,"covered":39,"skipped":0,"pct":100},"functions":{"total":5,"covered":5,"skipped":0,"pct":100},"statements":{"total":39,"covered":39,"skipped":0,"pct":100},"branches":{"total":31,"covered":21,"skipped":0,"pct":67.74}}
,"F:\\Projects\\Mods\\Tarkov\\TarkovLogsLib\\src\\parsers\\networkConnectionLogsParser.ts": {"lines":{"total":40,"covered":40,"skipped":0,"pct":100},"functions":{"total":4,"covered":4,"skipped":0,"pct":100},"statements":{"total":40,"covered":40,"skipped":0,"pct":100},"branches":{"total":46,"covered":37,"skipped":0,"pct":80.43}}
,"F:\\Projects\\Mods\\Tarkov\\TarkovLogsLib\\src\\parsers\\networkMessagesLogsParser.ts": {"lines":{"total":18,"covered":18,"skipped":0,"pct":100},"functions":{"total":4,"covered":4,"skipped":0,"pct":100},"statements":{"total":19,"covered":19,"skipped":0,"pct":100},"branches":{"total":17,"covered":14,"skipped":0,"pct":82.35}}
,"F:\\Projects\\Mods\\Tarkov\\TarkovLogsLib\\src\\parsers\\objectPoolLogsParser.ts": {"lines":{"total":9,"covered":9,"skipped":0,"pct":100},"functions":{"total":3,"covered":3,"skipped":0,"pct":100},"statements":{"total":9,"covered":9,"skipped":0,"pct":100},"branches":{"total":16,"covered":12,"skipped":0,"pct":75}}
,"F:\\Projects\\Mods\\Tarkov\\TarkovLogsLib\\src\\parsers\\outputLogsParser.ts": {"lines":{"total":14,"covered":14,"skipped":0,"pct":100},"functions":{"total":4,"covered":4,"skipped":0,"pct":100},"statements":{"total":14,"covered":14,"skipped":0,"pct":100},"branches":{"total":18,"covered":15,"skipped":0,"pct":83.33}}
,"F:\\Projects\\Mods\\Tarkov\\TarkovLogsLib\\src\\parsers\\playerLogsParser.ts": {"lines":{"total":18,"covered":18,"skipped":0,"pct":100},"functions":{"total":4,"covered":4,"skipped":0,"pct":100},"statements":{"total":18,"covered":18,"skipped":0,"pct":100},"branches":{"total":15,"covered":12,"skipped":0,"pct":80}}
,"F:\\Projects\\Mods\\Tarkov\\TarkovLogsLib\\src\\parsers\\pushNotificationsLogsParser.ts": {"lines":{"total":113,"covered":107,"skipped":0,"pct":94.69},"functions":{"total":13,"covered":13,"skipped":0,"pct":100},"statements":{"total":132,"covered":118,"skipped":0,"pct":89.39},"branches":{"total":166,"covered":109,"skipped":0,"pct":65.66}}
,"F:\\Projects\\Mods\\Tarkov\\TarkovLogsLib\\src\\parsers\\seasonsLogsParser.ts": {"lines":{"total":8,"covered":8,"skipped":0,"pct":100},"functions":{"total":3,"covered":3,"skipped":0,"pct":100},"statements":{"total":8,"covered":8,"skipped":0,"pct":100},"branches":{"total":11,"covered":8,"skipped":0,"pct":72.72}}
,"F:\\Projects\\Mods\\Tarkov\\TarkovLogsLib\\src\\parsers\\spatialAudioLogsParser.ts": {"lines":{"total":31,"covered":31,"skipped":0,"pct":100},"functions":{"total":4,"covered":4,"skipped":0,"pct":100},"statements":{"total":31,"covered":31,"skipped":0,"pct":100},"branches":{"total":36,"covered":27,"skipped":0,"pct":75}}
}
