TN:
SF:src\TarkovLogsParser.ts
FN:26,(anonymous_0)
FN:33,(anonymous_1)
FN:48,(anonymous_2)
FN:49,(anonymous_3)
FN:52,(anonymous_4)
FN:57,(anonymous_5)
FN:61,(anonymous_6)
FN:66,(anonymous_7)
FN:87,(anonymous_8)
FN:96,(anonymous_9)
FN:98,(anonymous_10)
FN:102,(anonymous_11)
FNF:12
FNH:12
FNDA:3,(anonymous_0)
FNDA:26,(anonymous_1)
FNDA:2,(anonymous_2)
FNDA:5,(anonymous_3)
FNDA:2,(anonymous_4)
FNDA:26,(anonymous_5)
FNDA:164,(anonymous_6)
FNDA:26,(anonymous_7)
FNDA:5,(anonymous_8)
FNDA:2,(anonymous_9)
FNDA:2,(anonymous_10)
FNDA:2,(anonymous_11)
DA:27,3
DA:28,3
DA:29,3
DA:30,3
DA:36,26
DA:37,26
DA:38,26
DA:39,0
DA:41,26
DA:42,26
DA:43,2
DA:45,26
DA:49,5
DA:53,2
DA:54,2
DA:61,26
DA:62,164
DA:69,26
DA:70,5
DA:71,5
DA:73,0
DA:75,21
DA:76,0
DA:78,21
DA:79,21
DA:84,0
DA:88,5
DA:89,5
DA:90,5
DA:92,0
DA:97,2
DA:98,2
DA:99,2
DA:103,2
DA:104,2
DA:106,2
DA:107,2
DA:108,1
DA:109,1
DA:110,1
DA:111,0
DA:113,1
DA:114,1
DA:115,1
DA:116,1
DA:121,2
DA:122,2
DA:123,0
DA:124,0
DA:125,0
DA:126,0
DA:128,0
DA:129,0
DA:130,0
DA:131,0
DA:136,2
DA:137,2
DA:138,0
DA:139,0
DA:140,0
DA:141,0
DA:143,0
DA:144,0
DA:145,0
DA:146,0
DA:151,2
DA:152,2
DA:153,0
DA:154,0
DA:155,0
DA:156,0
DA:158,0
DA:159,0
DA:160,0
DA:161,0
DA:166,2
LF:76
LH:46
BRDA:27,0,0,3
BRDA:27,0,1,3
BRDA:30,1,0,3
BRDA:30,1,1,0
BRDA:37,2,0,26
BRDA:37,2,1,0
BRDA:38,3,0,0
BRDA:38,3,1,26
BRDA:39,4,0,0
BRDA:39,4,1,0
BRDA:42,5,0,2
BRDA:42,5,1,24
BRDA:42,6,0,26
BRDA:42,6,1,2
BRDA:69,7,0,5
BRDA:69,7,1,21
BRDA:70,8,0,5
BRDA:70,8,1,0
BRDA:75,9,0,0
BRDA:75,9,1,21
BRDA:78,10,0,21
BRDA:78,10,1,0
BRDA:78,11,0,21
BRDA:78,11,1,21
BRDA:97,12,0,0
BRDA:97,12,1,2
BRDA:103,13,0,0
BRDA:103,13,1,2
BRDA:104,14,0,2
BRDA:104,14,1,0
BRDA:106,15,0,2
BRDA:106,15,1,1
BRDA:107,16,0,1
BRDA:107,16,1,1
BRDA:110,17,0,0
BRDA:110,17,1,1
BRDA:114,18,0,1
BRDA:114,18,1,0
BRDA:121,19,0,2
BRDA:121,19,1,2
BRDA:122,20,0,0
BRDA:122,20,1,2
BRDA:122,21,0,2
BRDA:122,21,1,0
BRDA:125,22,0,0
BRDA:125,22,1,0
BRDA:129,23,0,0
BRDA:129,23,1,0
BRDA:137,24,0,0
BRDA:137,24,1,2
BRDA:137,25,0,2
BRDA:137,25,1,0
BRDA:140,26,0,0
BRDA:140,26,1,0
BRDA:144,27,0,0
BRDA:144,27,1,0
BRDA:152,28,0,0
BRDA:152,28,1,2
BRDA:152,29,0,2
BRDA:152,29,1,0
BRDA:155,30,0,0
BRDA:155,30,1,0
BRDA:159,31,0,0
BRDA:159,31,1,0
BRF:64
BRH:33
end_of_record
TN:
SF:src\cache\gameDataCache.ts
FN:11,(anonymous_0)
FN:18,(anonymous_1)
FN:30,(anonymous_2)
FN:37,(anonymous_3)
FN:47,(anonymous_4)
FN:58,(anonymous_5)
FNF:6
FNH:5
FNDA:1,(anonymous_0)
FNDA:1,(anonymous_1)
FNDA:1,(anonymous_2)
FNDA:0,(anonymous_3)
FNDA:2,(anonymous_4)
FNDA:1,(anonymous_5)
DA:8,1
DA:9,1
DA:12,1
DA:15,1
DA:19,1
DA:20,1
DA:21,1
DA:22,0
DA:23,0
DA:24,0
DA:25,0
DA:27,0
DA:31,1
DA:32,1
DA:33,1
DA:34,1
DA:38,0
DA:39,0
DA:40,0
DA:42,0
DA:44,0
DA:48,2
DA:49,1
DA:50,1
DA:51,0
DA:53,1
DA:55,1
DA:59,1
DA:60,1
LF:29
LH:18
BRDA:13,0,0,1
BRDA:13,0,1,0
BRDA:21,1,0,1
BRDA:21,1,1,0
BRDA:22,2,0,0
BRDA:22,2,1,0
BRDA:22,3,0,0
BRDA:22,3,1,0
BRDA:32,4,0,1
BRDA:32,4,1,0
BRDA:39,5,0,0
BRDA:39,5,1,0
BRDA:48,6,0,1
BRDA:48,6,1,1
BRF:14
BRH:5
end_of_record
TN:
SF:src\parsers\aiDataLogsParser.ts
FN:8,(anonymous_0)
FN:13,(anonymous_1)
FN:15,(anonymous_2)
FN:41,classify
FNF:4
FNH:0
FNDA:0,(anonymous_0)
FNDA:0,(anonymous_1)
FNDA:0,(anonymous_2)
FNDA:0,classify
DA:5,3
DA:9,0
DA:10,0
DA:14,0
DA:15,0
DA:17,0
DA:18,0
DA:19,0
DA:32,0
DA:42,0
DA:43,0
DA:44,0
DA:46,0
DA:47,0
DA:48,0
DA:50,0
LF:16
LH:1
BRDA:10,0,0,0
BRDA:10,0,1,0
BRDA:10,1,0,0
BRDA:10,1,1,0
BRDA:16,2,0,0
BRDA:16,3,0,0
BRDA:16,4,0,0
BRDA:17,5,0,0
BRDA:17,5,1,0
BRDA:23,6,0,0
BRDA:23,6,1,0
BRDA:43,7,0,0
BRDA:43,7,1,0
BRDA:46,8,0,0
BRDA:46,8,1,0
BRF:15
BRH:0
end_of_record
TN:
SF:src\parsers\aiErrorsLogsParser.ts
FN:12,(anonymous_0)
FN:20,(anonymous_1)
FN:22,(anonymous_2)
FN:48,classify
FNF:4
FNH:0
FNDA:0,(anonymous_0)
FNDA:0,(anonymous_1)
FNDA:0,(anonymous_2)
FNDA:0,classify
DA:9,3
DA:13,0
DA:14,0
DA:21,0
DA:22,0
DA:24,0
DA:25,0
DA:26,0
DA:39,0
DA:49,0
DA:50,0
DA:51,0
DA:53,0
DA:54,0
DA:55,0
DA:57,0
LF:16
LH:1
BRDA:15,0,0,0
BRDA:15,0,1,0
BRDA:16,1,0,0
BRDA:16,1,1,0
BRDA:23,2,0,0
BRDA:23,3,0,0
BRDA:23,4,0,0
BRDA:23,5,0,0
BRDA:24,6,0,0
BRDA:24,6,1,0
BRDA:30,7,0,0
BRDA:30,7,1,0
BRDA:50,8,0,0
BRDA:50,8,1,0
BRDA:53,9,0,0
BRDA:53,9,1,0
BRF:16
BRH:0
end_of_record
TN:
SF:src\parsers\applicationLogsParser.ts
FN:12,(anonymous_0)
FN:20,(anonymous_1)
FN:22,(anonymous_2)
FN:49,classifyApplicationMessage
FN:86,extractMatchFields
FNF:5
FNH:5
FNDA:26,(anonymous_0)
FNDA:5,(anonymous_1)
FNDA:301,(anonymous_2)
FNDA:301,classifyApplicationMessage
FNDA:301,extractMatchFields
DA:9,3
DA:13,26
DA:14,26
DA:21,5
DA:22,5
DA:24,301
DA:25,301
DA:26,301
DA:40,5
DA:52,301
DA:53,301
DA:55,301
DA:56,5
DA:58,296
DA:59,62
DA:61,234
DA:62,12
DA:64,222
DA:65,36
DA:67,186
DA:68,16
DA:70,170
DA:81,30
DA:83,140
DA:87,301
DA:88,301
DA:89,301
DA:90,301
DA:91,301
DA:92,301
DA:97,301
DA:108,301
DA:109,26
DA:110,26
DA:111,26
DA:112,26
DA:113,26
DA:114,26
DA:117,301
LF:39
LH:39
BRDA:15,0,0,26
BRDA:15,0,1,23
BRDA:16,1,0,23
BRDA:16,1,1,0
BRDA:23,2,0,301
BRDA:23,3,0,301
BRDA:23,4,0,301
BRDA:23,5,0,301
BRDA:24,6,0,301
BRDA:24,6,1,0
BRDA:30,7,0,301
BRDA:30,7,1,0
BRDA:35,8,0,10
BRDA:35,8,1,291
BRDA:55,9,0,5
BRDA:55,9,1,296
BRDA:55,10,0,301
BRDA:55,10,1,298
BRDA:58,11,0,62
BRDA:58,11,1,234
BRDA:61,12,0,12
BRDA:61,12,1,222
BRDA:64,13,0,36
BRDA:64,13,1,186
BRDA:64,14,0,222
BRDA:64,14,1,210
BRDA:67,15,0,16
BRDA:67,15,1,170
BRDA:67,16,0,186
BRDA:67,16,1,182
BRDA:70,17,0,30
BRDA:70,17,1,140
BRDA:71,18,0,170
BRDA:71,18,1,162
BRDA:71,18,2,158
BRDA:71,18,3,156
BRDA:71,18,4,154
BRDA:71,18,5,152
BRDA:71,18,6,150
BRDA:71,18,7,148
BRDA:71,18,8,144
BRDA:91,19,0,36
BRDA:91,19,1,265
BRDA:108,20,0,26
BRDA:108,20,1,275
BRDA:110,21,0,26
BRDA:110,21,1,0
BRDA:111,22,0,16
BRDA:111,22,1,10
BRDA:112,23,0,26
BRDA:112,23,1,0
BRDA:113,24,0,16
BRDA:113,24,1,10
BRDA:114,25,0,26
BRDA:114,25,1,0
BRF:55
BRH:49
end_of_record
TN:
SF:src\parsers\backendCacheLogsParser.ts
FN:12,(anonymous_0)
FN:20,(anonymous_1)
FN:25,(anonymous_2)
FN:51,classify
FNF:4
FNH:4
FNDA:17,(anonymous_0)
FNDA:3,(anonymous_1)
FNDA:101,(anonymous_2)
FNDA:101,classify
DA:9,3
DA:13,17
DA:14,17
DA:24,3
DA:25,3
DA:27,101
DA:28,101
DA:29,101
DA:42,3
DA:52,101
DA:55,101
DA:56,101
DA:58,101
DA:59,101
DA:60,51
DA:61,51
DA:62,50
DA:64,50
DA:67,101
LF:19
LH:19
BRDA:15,0,0,17
BRDA:15,0,1,14
BRDA:16,1,0,14
BRDA:16,1,1,0
BRDA:26,2,0,101
BRDA:26,3,0,101
BRDA:26,4,0,101
BRDA:27,5,0,101
BRDA:27,5,1,0
BRDA:33,6,0,101
BRDA:33,6,1,0
BRDA:59,7,0,51
BRDA:59,7,1,50
BRDA:62,8,0,50
BRDA:62,8,1,0
BRF:15
BRH:11
end_of_record
TN:
SF:src\parsers\backendLogsParser.ts
FN:8,(anonymous_0)
FN:16,(anonymous_1)
FN:18,(anonymous_2)
FN:45,classifyBackendMessage
FNF:4
FNH:4
FNDA:21,(anonymous_0)
FNDA:4,(anonymous_1)
FNDA:1832,(anonymous_2)
FNDA:1832,classifyBackendMessage
DA:5,3
DA:9,21
DA:10,21
DA:17,4
DA:18,4
DA:20,1832
DA:21,1832
DA:22,1832
DA:36,4
DA:46,1832
DA:47,1832
DA:48,916
DA:49,916
DA:58,916
DA:59,916
DA:60,916
DA:69,0
DA:70,0
DA:71,0
DA:72,0
DA:81,0
DA:82,0
DA:83,0
DA:84,0
DA:94,0
DA:95,0
DA:100,0
DA:101,0
DA:102,0
DA:110,0
LF:30
LH:16
BRDA:11,0,0,21
BRDA:11,0,1,18
BRDA:12,1,0,18
BRDA:12,1,1,0
BRDA:19,2,0,1832
BRDA:19,3,0,1832
BRDA:19,4,0,1832
BRDA:19,5,0,1832
BRDA:20,6,0,1832
BRDA:20,6,1,0
BRDA:26,7,0,1832
BRDA:26,7,1,0
BRDA:31,8,0,0
BRDA:31,8,1,1832
BRDA:47,9,0,916
BRDA:47,9,1,916
BRDA:52,10,0,916
BRDA:52,10,1,0
BRDA:58,11,0,916
BRDA:58,11,1,0
BRDA:63,12,0,914
BRDA:63,12,1,2
BRDA:69,13,0,0
BRDA:69,13,1,0
BRDA:76,14,0,0
BRDA:76,14,1,0
BRDA:81,15,0,0
BRDA:81,15,1,0
BRDA:81,16,0,0
BRDA:81,16,1,0
BRDA:88,17,0,0
BRDA:88,17,1,0
BRDA:89,18,0,0
BRDA:89,18,1,0
BRDA:94,19,0,0
BRDA:94,19,1,0
BRDA:100,20,0,0
BRDA:100,20,1,0
BRDA:105,21,0,0
BRDA:105,21,1,0
BRF:40
BRH:16
end_of_record
TN:
SF:src\parsers\backendQueueLogsParser.ts
FN:13,(anonymous_0)
FN:21,(anonymous_1)
FN:26,(anonymous_2)
FN:53,parseContinuationJson
FNF:4
FNH:1
FNDA:14,(anonymous_0)
FNDA:0,(anonymous_1)
FNDA:0,(anonymous_2)
FNDA:0,parseContinuationJson
DA:10,3
DA:14,14
DA:15,14
DA:25,0
DA:26,0
DA:28,0
DA:29,0
DA:30,0
DA:44,0
DA:54,0
DA:55,0
DA:56,0
DA:57,0
DA:58,0
DA:59,0
DA:64,0
LF:16
LH:3
BRDA:16,0,0,14
BRDA:16,0,1,14
BRDA:17,1,0,14
BRDA:17,1,1,0
BRDA:27,2,0,0
BRDA:27,3,0,0
BRDA:27,4,0,0
BRDA:28,5,0,0
BRDA:28,5,1,0
BRDA:34,6,0,0
BRDA:34,6,1,0
BRDA:39,7,0,0
BRDA:39,7,1,0
BRDA:55,8,0,0
BRDA:55,8,1,0
BRDA:58,9,0,0
BRDA:58,9,1,0
BRF:17
BRH:3
end_of_record
TN:
SF:src\parsers\base.ts
FN:9,normalizeTimestamp
FN:23,groupByHeader
FN:44,deriveMetaFromEvents
FN:48,(anonymous_3)
FN:49,(anonymous_4)
FN:52,(anonymous_5)
FN:53,(anonymous_6)
FN:62,extractSessionPrefix
FNF:8
FNH:8
FNDA:2695,normalizeTimestamp
FNDA:26,groupByHeader
FNDA:26,deriveMetaFromEvents
FNDA:2695,(anonymous_3)
FNDA:2695,(anonymous_4)
FNDA:2695,(anonymous_5)
FNDA:2695,(anonymous_6)
FNDA:26,extractSessionPrefix
DA:10,2695
DA:12,2695
DA:13,2695
DA:16,2695
DA:17,2695
DA:18,2147
DA:20,548
DA:27,26
DA:28,26
DA:29,26
DA:30,26
DA:31,78178
DA:32,78178
DA:33,2695
DA:34,2695
DA:35,75483
DA:36,10367
DA:37,10344
DA:40,26
DA:41,26
DA:47,26
DA:48,2695
DA:49,2695
DA:51,26
DA:52,2695
DA:53,2695
DA:54,26
DA:63,26
DA:64,26
DA:67,26
LF:30
LH:30
BRDA:13,0,0,548
BRDA:13,0,1,2147
BRDA:17,1,0,2147
BRDA:17,1,1,548
BRDA:32,2,0,2695
BRDA:32,2,1,75483
BRDA:33,3,0,2673
BRDA:33,3,1,22
BRDA:35,4,0,10367
BRDA:35,4,1,65116
BRDA:36,5,0,23
BRDA:36,5,1,10344
BRDA:40,6,0,22
BRDA:40,6,1,4
BRDA:63,7,0,0
BRDA:63,7,1,26
BRF:16
BRH:15
end_of_record
TN:
SF:src\parsers\errorsLogsParser.ts
FN:8,(anonymous_0)
FN:16,(anonymous_1)
FN:18,(anonymous_2)
FN:45,classify
FNF:4
FNH:4
FNDA:14,(anonymous_0)
FNDA:1,(anonymous_1)
FNDA:9,(anonymous_2)
FNDA:9,classify
DA:5,3
DA:9,14
DA:10,14
DA:17,1
DA:18,1
DA:20,9
DA:21,9
DA:22,9
DA:36,1
DA:46,9
DA:47,9
DA:48,9
DA:49,9
DA:50,7
DA:51,7
DA:52,7
DA:53,7
DA:54,7
DA:55,6
DA:56,6
DA:57,6
DA:58,6
DA:59,6
DA:60,6
DA:61,4
DA:62,1
DA:63,1
DA:64,1
LF:28
LH:28
BRDA:11,0,0,14
BRDA:11,0,1,13
BRDA:12,1,0,13
BRDA:12,1,1,0
BRDA:19,2,0,9
BRDA:19,3,0,9
BRDA:19,4,0,9
BRDA:20,5,0,9
BRDA:20,5,1,0
BRDA:26,6,0,9
BRDA:26,6,1,0
BRDA:31,7,0,6
BRDA:31,7,1,3
BRDA:48,8,0,0
BRDA:48,8,1,9
BRDA:49,9,0,2
BRDA:49,9,1,7
BRDA:50,10,0,0
BRDA:50,10,1,7
BRDA:51,11,0,0
BRDA:51,11,1,7
BRDA:52,12,0,0
BRDA:52,12,1,7
BRDA:53,13,0,0
BRDA:53,13,1,7
BRDA:54,14,0,1
BRDA:54,14,1,6
BRDA:55,15,0,0
BRDA:55,15,1,6
BRDA:56,16,0,0
BRDA:56,16,1,6
BRDA:57,17,0,0
BRDA:57,17,1,6
BRDA:58,18,0,0
BRDA:58,18,1,6
BRDA:59,19,0,0
BRDA:59,19,1,6
BRDA:60,20,0,2
BRDA:60,20,1,4
BRDA:61,21,0,3
BRDA:61,21,1,1
BRDA:62,22,0,0
BRDA:62,22,1,1
BRDA:63,23,0,0
BRDA:63,23,1,1
BRF:45
BRH:30
end_of_record
TN:
SF:src\parsers\filesCheckerLogsParser.ts
FN:12,(anonymous_0)
FN:20,(anonymous_1)
FN:25,(anonymous_2)
FN:51,classify
FNF:4
FNH:4
FNDA:13,(anonymous_0)
FNDA:2,(anonymous_1)
FNDA:14,(anonymous_2)
FNDA:14,classify
DA:9,3
DA:13,13
DA:14,13
DA:24,2
DA:25,2
DA:27,14
DA:28,14
DA:29,14
DA:42,2
DA:54,14
DA:55,14
DA:56,6
DA:58,8
DA:59,2
DA:60,2
DA:62,6
DA:63,6
DA:64,6
DA:69,0
LF:19
LH:18
BRDA:15,0,0,13
BRDA:15,0,1,11
BRDA:16,1,0,11
BRDA:16,1,1,0
BRDA:26,2,0,14
BRDA:26,3,0,14
BRDA:26,4,0,14
BRDA:27,5,0,14
BRDA:27,5,1,0
BRDA:33,6,0,14
BRDA:33,6,1,0
BRDA:55,7,0,6
BRDA:55,7,1,8
BRDA:58,8,0,2
BRDA:58,8,1,6
BRDA:62,9,0,6
BRDA:62,9,1,0
BRDA:66,10,0,6
BRDA:66,10,1,0
BRF:19
BRH:14
end_of_record
TN:
SF:src\parsers\index.ts
FN:21,defaultParsers
FNF:1
FNH:1
FNDA:3,defaultParsers
DA:22,3
LF:1
LH:1
BRF:0
BRH:0
end_of_record
TN:
SF:src\parsers\insuranceLogsParser.ts
FN:12,(anonymous_0)
FN:20,(anonymous_1)
FN:25,(anonymous_2)
FN:51,classify
FNF:4
FNH:4
FNDA:11,(anonymous_0)
FNDA:1,(anonymous_1)
FNDA:3,(anonymous_2)
FNDA:3,classify
DA:9,3
DA:13,11
DA:14,11
DA:24,1
DA:25,1
DA:27,3
DA:28,3
DA:29,3
DA:42,1
DA:54,3
DA:55,3
DA:56,0
DA:57,0
DA:59,3
DA:60,3
DA:61,3
DA:63,0
LF:17
LH:14
BRDA:15,0,0,11
BRDA:15,0,1,10
BRDA:16,1,0,10
BRDA:16,1,1,0
BRDA:26,2,0,3
BRDA:26,3,0,3
BRDA:26,4,0,3
BRDA:26,5,0,3
BRDA:27,6,0,3
BRDA:27,6,1,0
BRDA:33,7,0,3
BRDA:33,7,1,0
BRDA:55,8,0,0
BRDA:55,8,1,3
BRDA:59,9,0,3
BRDA:59,9,1,0
BRF:16
BRH:11
end_of_record
TN:
SF:src\parsers\inventoryLogsParser.ts
FN:12,(anonymous_0)
FN:20,(anonymous_1)
FN:25,(anonymous_2)
FN:60,parseHeaderMessage
FN:82,parseContinuation
FNF:5
FNH:5
FNDA:10,(anonymous_0)
FNDA:2,(anonymous_1)
FNDA:2,(anonymous_2)
FNDA:2,parseHeaderMessage
FNDA:2,parseContinuation
DA:9,3
DA:13,10
DA:14,10
DA:24,2
DA:25,2
DA:27,2
DA:28,2
DA:29,2
DA:30,2
DA:51,2
DA:69,2
DA:70,2
DA:71,2
DA:72,2
DA:73,2
DA:83,2
DA:84,2
DA:85,8
DA:86,2
DA:87,2
DA:88,2
DA:89,2
DA:90,2
DA:91,2
DA:92,6
DA:93,2
DA:94,4
DA:95,2
DA:96,2
DA:97,2
DA:98,2
DA:99,2
DA:105,2
DA:106,2
DA:107,2
DA:108,2
DA:109,2
DA:110,2
DA:118,2
LF:39
LH:39
BRDA:15,0,0,10
BRDA:15,0,1,8
BRDA:16,1,0,8
BRDA:16,1,1,0
BRDA:26,2,0,2
BRDA:26,3,0,2
BRDA:26,4,0,2
BRDA:27,5,0,2
BRDA:27,5,1,0
BRDA:34,6,0,2
BRDA:34,6,1,0
BRDA:39,7,0,2
BRDA:39,7,1,0
BRDA:76,8,0,2
BRDA:76,8,1,0
BRDA:85,9,0,2
BRDA:85,9,1,6
BRDA:92,10,0,2
BRDA:92,10,1,4
BRDA:94,11,0,2
BRDA:94,11,1,2
BRDA:100,12,0,2
BRDA:100,12,1,0
BRDA:101,13,0,2
BRDA:101,13,1,0
BRDA:103,14,0,2
BRDA:103,14,1,0
BRDA:105,15,0,2
BRDA:105,15,1,0
BRDA:109,16,0,2
BRDA:109,16,1,0
BRF:31
BRH:21
end_of_record
TN:
SF:src\parsers\networkConnectionLogsParser.ts
FN:12,(anonymous_0)
FN:20,(anonymous_1)
FN:25,(anonymous_2)
FN:51,classify
FNF:4
FNH:4
FNDA:8,(anonymous_0)
FNDA:2,(anonymous_1)
FNDA:24,(anonymous_2)
FNDA:24,classify
DA:9,3
DA:13,8
DA:14,8
DA:24,2
DA:25,2
DA:27,24
DA:28,24
DA:29,24
DA:42,2
DA:54,24
DA:55,24
DA:58,24
DA:59,3
DA:63,21
DA:64,2
DA:68,19
DA:69,2
DA:70,2
DA:80,17
DA:81,3
DA:82,3
DA:83,3
DA:84,3
DA:85,3
DA:98,14
DA:99,6
DA:100,6
DA:101,6
DA:113,8
DA:114,2
DA:115,2
DA:119,6
DA:120,4
DA:121,4
DA:132,2
DA:133,0
DA:134,0
DA:144,2
DA:145,2
DA:148,0
LF:40
LH:37
BRDA:15,0,0,8
BRDA:15,0,1,6
BRDA:16,1,0,6
BRDA:16,1,1,0
BRDA:26,2,0,24
BRDA:26,3,0,24
BRDA:26,4,0,24
BRDA:26,5,0,24
BRDA:27,6,0,24
BRDA:27,6,1,0
BRDA:33,7,0,24
BRDA:33,7,1,0
BRDA:58,8,0,3
BRDA:58,8,1,21
BRDA:58,9,0,24
BRDA:58,9,1,21
BRDA:63,10,0,2
BRDA:63,10,1,19
BRDA:63,11,0,21
BRDA:63,11,1,19
BRDA:68,12,0,2
BRDA:68,12,1,17
BRDA:74,13,0,2
BRDA:74,13,1,0
BRDA:80,14,0,3
BRDA:80,14,1,14
BRDA:89,15,0,3
BRDA:89,15,1,0
BRDA:90,16,0,3
BRDA:90,16,1,0
BRDA:91,17,0,3
BRDA:91,17,1,0
BRDA:92,18,0,3
BRDA:92,18,1,0
BRDA:98,19,0,6
BRDA:98,19,1,8
BRDA:113,20,0,2
BRDA:113,20,1,6
BRDA:119,21,0,4
BRDA:119,21,1,2
BRDA:132,22,0,0
BRDA:132,22,1,2
BRDA:138,23,0,0
BRDA:138,23,1,0
BRDA:144,24,0,2
BRDA:144,24,1,0
BRF:46
BRH:34
end_of_record
TN:
SF:src\parsers\networkMessagesLogsParser.ts
FN:12,(anonymous_0)
FN:20,(anonymous_1)
FN:25,(anonymous_2)
FN:51,parseMetrics
FNF:4
FNH:4
FNDA:6,(anonymous_0)
FNDA:1,(anonymous_1)
FNDA:86,(anonymous_2)
FNDA:86,parseMetrics
DA:9,3
DA:13,6
DA:14,6
DA:24,1
DA:25,1
DA:27,86
DA:28,86
DA:29,86
DA:42,1
DA:52,86
DA:53,86
DA:54,86
DA:55,602
DA:56,602
DA:57,602
DA:58,602
DA:59,602
DA:61,86
LF:18
LH:18
BRDA:15,0,0,6
BRDA:15,0,1,5
BRDA:16,1,0,5
BRDA:16,1,1,0
BRDA:26,2,0,86
BRDA:26,3,0,86
BRDA:26,4,0,86
BRDA:27,5,0,86
BRDA:27,5,1,0
BRDA:33,6,0,86
BRDA:33,6,1,0
BRDA:56,7,0,0
BRDA:56,7,1,602
BRDA:56,8,0,602
BRDA:56,8,1,602
BRDA:59,9,0,0
BRDA:59,9,1,602
BRF:17
BRH:12
end_of_record
TN:
SF:src\parsers\objectPoolLogsParser.ts
FN:12,(anonymous_0)
FN:20,(anonymous_1)
FN:22,(anonymous_2)
FNF:3
FNH:1
FNDA:5,(anonymous_0)
FNDA:0,(anonymous_1)
FNDA:0,(anonymous_2)
DA:9,3
DA:13,5
DA:14,5
DA:21,0
DA:22,0
DA:24,0
DA:25,0
DA:26,0
DA:40,0
LF:9
LH:3
BRDA:15,0,0,5
BRDA:15,0,1,5
BRDA:16,1,0,5
BRDA:16,1,1,0
BRDA:23,2,0,0
BRDA:23,3,0,0
BRDA:23,4,0,0
BRDA:23,5,0,0
BRDA:24,6,0,0
BRDA:24,6,1,0
BRDA:25,7,0,0
BRDA:25,7,1,0
BRDA:30,8,0,0
BRDA:30,8,1,0
BRDA:35,9,0,0
BRDA:35,9,1,0
BRF:16
BRH:3
end_of_record
TN:
SF:src\parsers\outputLogsParser.ts
FN:8,(anonymous_0)
FN:16,(anonymous_1)
FN:18,(anonymous_2)
FN:45,classify
FNF:4
FNH:1
FNDA:5,(anonymous_0)
FNDA:0,(anonymous_1)
FNDA:0,(anonymous_2)
FNDA:0,classify
DA:5,3
DA:9,5
DA:10,5
DA:17,0
DA:18,0
DA:20,0
DA:21,0
DA:22,0
DA:36,0
DA:46,0
DA:47,0
DA:48,0
DA:49,0
DA:50,0
LF:14
LH:3
BRDA:11,0,0,5
BRDA:11,0,1,5
BRDA:12,1,0,5
BRDA:12,1,1,0
BRDA:19,2,0,0
BRDA:19,3,0,0
BRDA:19,4,0,0
BRDA:19,5,0,0
BRDA:20,6,0,0
BRDA:20,6,1,0
BRDA:26,7,0,0
BRDA:26,7,1,0
BRDA:31,8,0,0
BRDA:31,8,1,0
BRDA:48,9,0,0
BRDA:48,9,1,0
BRDA:49,10,0,0
BRDA:49,10,1,0
BRF:18
BRH:3
end_of_record
TN:
SF:src\parsers\playerLogsParser.ts
FN:8,(anonymous_0)
FN:16,(anonymous_1)
FN:18,(anonymous_2)
FN:44,classify
FNF:4
FNH:1
FNDA:5,(anonymous_0)
FNDA:0,(anonymous_1)
FNDA:0,(anonymous_2)
FNDA:0,classify
DA:5,3
DA:9,5
DA:10,5
DA:17,0
DA:18,0
DA:20,0
DA:21,0
DA:22,0
DA:35,0
DA:45,0
DA:46,0
DA:47,0
DA:48,0
DA:50,0
DA:51,0
DA:52,0
DA:53,0
DA:58,0
LF:18
LH:3
BRDA:11,0,0,5
BRDA:11,0,1,5
BRDA:12,1,0,5
BRDA:12,1,1,0
BRDA:19,2,0,0
BRDA:19,3,0,0
BRDA:19,4,0,0
BRDA:20,5,0,0
BRDA:20,5,1,0
BRDA:26,6,0,0
BRDA:26,6,1,0
BRDA:46,7,0,0
BRDA:46,7,1,0
BRDA:50,8,0,0
BRDA:50,8,1,0
BRF:15
BRH:3
end_of_record
TN:
SF:src\parsers\pushNotificationsLogsParser.ts
FN:13,(anonymous_0)
FN:21,(anonymous_1)
FN:26,(anonymous_2)
FN:53,classify
FN:155,extractQuestInfo
FN:178,(anonymous_5)
FN:179,(anonymous_6)
FN:184,(anonymous_7)
FN:185,(anonymous_8)
FN:186,(anonymous_9)
FN:226,parseNotificationPayload
FN:314,parseMemberInfo
FNF:12
FNH:12
FNDA:5,(anonymous_0)
FNDA:3,(anonymous_1)
FNDA:304,(anonymous_2)
FNDA:304,classify
FNDA:53,extractQuestInfo
FNDA:36,(anonymous_5)
FNDA:36,(anonymous_6)
FNDA:18,(anonymous_7)
FNDA:14,(anonymous_8)
FNDA:14,(anonymous_9)
FNDA:53,parseNotificationPayload
FNDA:2,parseMemberInfo
DA:10,3
DA:14,5
DA:15,5
DA:25,3
DA:26,3
DA:28,304
DA:29,304
DA:30,304
DA:44,3
DA:57,304
DA:60,304
DA:61,6
DA:62,6
DA:63,6
DA:67,298
DA:68,109
DA:69,109
DA:70,109
DA:77,189
DA:78,61
DA:79,61
DA:86,128
DA:87,52
DA:88,52
DA:89,52
DA:90,52
DA:91,52
DA:103,76
DA:104,53
DA:105,53
DA:117,53
DA:118,53
DA:119,53
DA:120,53
DA:121,53
DA:122,53
DA:128,53
DA:142,23
DA:143,7
DA:147,16
DA:148,0
DA:149,0
DA:152,16
DA:164,53
DA:165,53
DA:167,53
DA:168,53
DA:170,18
DA:171,53
DA:175,53
DA:176,18
DA:177,18
DA:178,36
DA:179,36
DA:180,18
DA:182,9
DA:184,18
DA:185,14
DA:186,14
DA:189,9
DA:190,53
DA:191,0
DA:192,0
DA:193,0
DA:195,9
DA:196,0
DA:197,0
DA:201,9
DA:202,9
DA:203,53
DA:204,2
DA:205,6
DA:206,6
DA:207,6
DA:208,1
DA:209,1
DA:210,1
DA:212,5
DA:217,9
DA:218,9
DA:230,53
DA:232,53
DA:233,53
DA:235,53
DA:237,2
DA:238,2
DA:247,4
DA:248,4
DA:262,0
DA:269,0
DA:278,0
DA:284,1
DA:290,18
DA:298,0
DA:305,28
DA:315,2
DA:316,2
LF:97
LH:86
BRDA:16,0,0,5
BRDA:16,0,1,2
BRDA:17,1,0,2
BRDA:17,1,1,0
BRDA:27,2,0,304
BRDA:27,3,0,304
BRDA:27,4,0,304
BRDA:27,5,0,304
BRDA:28,6,0,304
BRDA:28,6,1,0
BRDA:34,7,0,304
BRDA:34,7,1,0
BRDA:39,8,0,53
BRDA:39,8,1,251
BRDA:55,9,0,304
BRDA:60,10,0,6
BRDA:60,10,1,298
BRDA:67,11,0,109
BRDA:67,11,1,189
BRDA:72,12,0,109
BRDA:72,12,1,0
BRDA:77,13,0,61
BRDA:77,13,1,128
BRDA:81,14,0,61
BRDA:81,14,1,0
BRDA:86,15,0,52
BRDA:86,15,1,76
BRDA:95,16,0,52
BRDA:95,16,1,0
BRDA:96,17,0,52
BRDA:96,17,1,0
BRDA:103,18,0,53
BRDA:103,18,1,23
BRDA:117,19,0,53
BRDA:117,19,1,0
BRDA:142,20,0,7
BRDA:142,20,1,16
BRDA:147,21,0,0
BRDA:147,21,1,16
BRDA:149,22,0,0
BRDA:149,22,1,0
BRDA:164,23,0,53
BRDA:164,23,1,0
BRDA:165,24,0,53
BRDA:165,24,1,0
BRDA:167,25,0,53
BRDA:167,25,1,35
BRDA:167,25,2,35
BRDA:168,26,0,35
BRDA:168,26,1,18
BRDA:175,27,0,18
BRDA:175,27,1,35
BRDA:177,28,0,18
BRDA:177,28,1,0
BRDA:177,29,0,18
BRDA:177,29,1,18
BRDA:178,30,0,36
BRDA:178,30,1,0
BRDA:179,31,0,36
BRDA:179,31,1,34
BRDA:179,31,2,34
BRDA:180,32,0,9
BRDA:180,32,1,9
BRDA:184,33,0,2
BRDA:184,33,1,7
BRDA:184,34,0,0
BRDA:184,34,1,7
BRDA:185,35,0,7
BRDA:185,35,1,0
BRDA:186,36,0,14
BRDA:186,36,1,7
BRDA:189,37,0,9
BRDA:189,37,1,0
BRDA:190,38,0,0
BRDA:190,38,1,53
BRDA:190,39,0,53
BRDA:190,39,1,0
BRDA:191,40,0,0
BRDA:191,40,1,0
BRDA:191,41,0,0
BRDA:191,41,1,0
BRDA:192,42,0,0
BRDA:192,42,1,0
BRDA:193,43,0,0
BRDA:193,43,1,0
BRDA:195,44,0,0
BRDA:195,44,1,9
BRDA:195,45,0,9
BRDA:195,45,1,0
BRDA:197,46,0,0
BRDA:197,46,1,0
BRDA:197,47,0,0
BRDA:197,47,1,0
BRDA:203,48,0,2
BRDA:203,48,1,51
BRDA:206,49,0,0
BRDA:206,49,1,6
BRDA:207,50,0,1
BRDA:207,50,1,5
BRDA:209,51,0,1
BRDA:209,51,1,0
BRDA:210,52,0,1
BRDA:210,52,1,0
BRDA:217,53,0,0
BRDA:217,53,1,9
BRDA:217,54,0,9
BRDA:217,54,1,0
BRDA:217,54,2,0
BRDA:217,54,3,0
BRDA:222,55,0,2
BRDA:222,55,1,7
BRDA:230,56,0,0
BRDA:230,56,1,53
BRDA:235,57,0,2
BRDA:235,57,1,4
BRDA:235,57,2,0
BRDA:235,57,3,0
BRDA:235,57,4,0
BRDA:235,57,5,0
BRDA:235,57,6,0
BRDA:235,57,7,1
BRDA:235,57,8,18
BRDA:235,57,9,0
BRDA:235,57,10,28
BRDA:239,58,0,2
BRDA:239,58,1,0
BRDA:249,59,0,4
BRDA:249,59,1,0
BRDA:251,60,0,4
BRDA:251,60,1,0
BRDA:263,61,0,0
BRDA:263,61,1,0
BRDA:270,62,0,0
BRDA:270,62,1,0
BRDA:279,63,0,0
BRDA:279,63,1,0
BRDA:285,64,0,1
BRDA:285,64,1,0
BRDA:291,65,0,18
BRDA:291,65,1,0
BRDA:306,66,0,28
BRDA:306,66,1,0
BRDA:323,67,0,1
BRDA:323,67,1,1
BRF:144
BRH:84
end_of_record
TN:
SF:src\parsers\seasonsLogsParser.ts
FN:8,(anonymous_0)
FN:16,(anonymous_1)
FN:18,(anonymous_2)
FNF:3
FNH:1
FNDA:2,(anonymous_0)
FNDA:0,(anonymous_1)
FNDA:0,(anonymous_2)
DA:5,3
DA:9,2
DA:10,2
DA:17,0
DA:18,0
DA:20,0
DA:21,0
DA:33,0
LF:8
LH:3
BRDA:11,0,0,2
BRDA:11,0,1,2
BRDA:12,1,0,2
BRDA:12,1,1,0
BRDA:19,2,0,0
BRDA:19,3,0,0
BRDA:19,4,0,0
BRDA:20,5,0,0
BRDA:20,5,1,0
BRDA:25,6,0,0
BRDA:25,6,1,0
BRF:11
BRH:3
end_of_record
TN:
SF:src\parsers\spatialAudioLogsParser.ts
FN:12,(anonymous_0)
FN:20,(anonymous_1)
FN:25,(anonymous_2)
FN:52,classify
FNF:4
FNH:4
FNDA:2,(anonymous_0)
FNDA:2,(anonymous_1)
FNDA:19,(anonymous_2)
FNDA:19,classify
DA:9,3
DA:13,2
DA:14,2
DA:24,2
DA:25,2
DA:27,19
DA:28,19
DA:29,19
DA:43,2
DA:55,19
DA:58,19
DA:59,2
DA:63,17
DA:64,4
DA:68,13
DA:69,4
DA:70,4
DA:74,9
DA:75,6
DA:76,6
DA:77,6
DA:87,3
DA:88,2
DA:89,2
DA:90,2
DA:100,1
DA:101,0
DA:102,0
DA:106,1
DA:107,1
DA:110,0
LF:31
LH:28
BRDA:15,0,0,2
BRDA:15,0,1,0
BRDA:16,1,0,0
BRDA:16,1,1,0
BRDA:26,2,0,19
BRDA:26,3,0,19
BRDA:26,4,0,19
BRDA:26,5,0,19
BRDA:27,6,0,19
BRDA:27,6,1,0
BRDA:33,7,0,19
BRDA:33,7,1,0
BRDA:38,8,0,1
BRDA:38,8,1,18
BRDA:58,9,0,2
BRDA:58,9,1,17
BRDA:63,10,0,4
BRDA:63,10,1,13
BRDA:68,11,0,4
BRDA:68,11,1,9
BRDA:74,12,0,6
BRDA:74,12,1,3
BRDA:80,13,0,6
BRDA:80,13,1,0
BRDA:81,14,0,6
BRDA:81,14,1,0
BRDA:87,15,0,2
BRDA:87,15,1,1
BRDA:94,16,0,2
BRDA:94,16,1,0
BRDA:100,17,0,0
BRDA:100,17,1,1
BRDA:102,18,0,0
BRDA:102,18,1,0
BRDA:106,19,0,1
BRDA:106,19,1,0
BRF:36
BRH:24
end_of_record
