TN:
SF:src\TarkovLogsParser.ts
FN:26,(anonymous_0)
FN:33,(anonymous_1)
FN:48,(anonymous_2)
FN:49,(anonymous_3)
FN:52,(anonymous_4)
FN:57,(anonymous_5)
FN:61,(anonymous_6)
FN:66,(anonymous_7)
FN:87,(anonymous_8)
FN:96,(anonymous_9)
FN:98,(anonymous_10)
FN:102,(anonymous_11)
FNF:12
FNH:12
FNDA:8,(anonymous_0)
FNDA:33,(anonymous_1)
FNDA:3,(anonymous_2)
FNDA:7,(anonymous_3)
FNDA:3,(anonymous_4)
FNDA:32,(anonymous_5)
FNDA:169,(anonymous_6)
FNDA:33,(anonymous_7)
FNDA:10,(anonymous_8)
FNDA:4,(anonymous_9)
FNDA:4,(anonymous_10)
FNDA:4,(anonymous_11)
DA:27,8
DA:28,8
DA:29,8
DA:30,8
DA:36,33
DA:37,32
DA:38,33
DA:39,1
DA:41,31
DA:42,31
DA:43,4
DA:45,31
DA:49,7
DA:53,3
DA:54,3
DA:61,32
DA:62,169
DA:69,33
DA:70,10
DA:71,9
DA:73,1
DA:75,23
DA:76,1
DA:78,22
DA:79,21
DA:84,1
DA:88,10
DA:89,10
DA:90,9
DA:92,1
DA:97,4
DA:98,4
DA:99,4
DA:103,4
DA:104,4
DA:106,4
DA:107,4
DA:108,3
DA:109,3
DA:110,3
DA:111,1
DA:113,2
DA:114,2
DA:115,2
DA:116,2
DA:121,4
DA:122,4
DA:123,2
DA:124,2
DA:125,2
DA:126,1
DA:128,1
DA:129,1
DA:130,1
DA:131,1
DA:136,4
DA:137,4
DA:138,2
DA:139,2
DA:140,2
DA:141,1
DA:143,1
DA:144,1
DA:145,1
DA:146,1
DA:151,4
DA:152,4
DA:153,2
DA:154,2
DA:155,2
DA:156,1
DA:158,1
DA:159,1
DA:160,1
DA:161,1
DA:166,4
LF:76
LH:76
BRDA:27,0,0,8
BRDA:27,0,1,5
BRDA:30,1,0,8
BRDA:30,1,1,4
BRDA:37,2,0,32
BRDA:37,2,1,2
BRDA:38,3,0,1
BRDA:38,3,1,32
BRDA:39,4,0,1
BRDA:39,4,1,1
BRDA:42,5,0,4
BRDA:42,5,1,27
BRDA:42,6,0,31
BRDA:42,6,1,4
BRDA:69,7,0,10
BRDA:69,7,1,23
BRDA:70,8,0,9
BRDA:70,8,1,1
BRDA:75,9,0,1
BRDA:75,9,1,22
BRDA:78,10,0,21
BRDA:78,10,1,1
BRDA:78,11,0,22
BRDA:78,11,1,22
BRDA:97,12,0,0
BRDA:97,12,1,4
BRDA:103,13,0,0
BRDA:103,13,1,4
BRDA:104,14,0,4
BRDA:104,14,1,0
BRDA:106,15,0,4
BRDA:106,15,1,1
BRDA:107,16,0,3
BRDA:107,16,1,1
BRDA:110,17,0,1
BRDA:110,17,1,2
BRDA:114,18,0,2
BRDA:114,18,1,0
BRDA:121,19,0,4
BRDA:121,19,1,2
BRDA:122,20,0,2
BRDA:122,20,1,2
BRDA:122,21,0,4
BRDA:122,21,1,2
BRDA:125,22,0,1
BRDA:125,22,1,1
BRDA:129,23,0,1
BRDA:129,23,1,0
BRDA:137,24,0,2
BRDA:137,24,1,2
BRDA:137,25,0,4
BRDA:137,25,1,2
BRDA:140,26,0,1
BRDA:140,26,1,1
BRDA:144,27,0,1
BRDA:144,27,1,0
BRDA:152,28,0,2
BRDA:152,28,1,2
BRDA:152,29,0,4
BRDA:152,29,1,2
BRDA:155,30,0,1
BRDA:155,30,1,1
BRDA:159,31,0,1
BRDA:159,31,1,0
BRF:64
BRH:57
end_of_record
TN:
SF:src\cache\gameDataCache.ts
FN:11,(anonymous_0)
FN:18,(anonymous_1)
FN:30,(anonymous_2)
FN:37,(anonymous_3)
FN:47,(anonymous_4)
FN:58,(anonymous_5)
FNF:6
FNH:6
FNDA:4,(anonymous_0)
FNDA:14,(anonymous_1)
FNDA:8,(anonymous_2)
FNDA:2,(anonymous_3)
FNDA:24,(anonymous_4)
FNDA:11,(anonymous_5)
DA:8,4
DA:9,4
DA:12,4
DA:15,4
DA:19,14
DA:20,14
DA:21,14
DA:22,7
DA:23,1
DA:24,1
DA:25,1
DA:27,6
DA:31,8
DA:32,8
DA:33,8
DA:34,8
DA:38,2
DA:39,2
DA:40,1
DA:42,1
DA:44,2
DA:48,24
DA:49,4
DA:50,4
DA:51,2
DA:53,2
DA:55,4
DA:59,11
DA:60,11
LF:29
LH:29
BRDA:13,0,0,4
BRDA:13,0,1,1
BRDA:21,1,0,7
BRDA:21,1,1,7
BRDA:22,2,0,1
BRDA:22,2,1,6
BRDA:22,3,0,7
BRDA:22,3,1,6
BRDA:32,4,0,7
BRDA:32,4,1,1
BRDA:39,5,0,1
BRDA:39,5,1,1
BRDA:48,6,0,20
BRDA:48,6,1,4
BRF:14
BRH:14
end_of_record
TN:
SF:src\parsers\aiDataLogsParser.ts
FN:8,(anonymous_0)
FN:13,(anonymous_1)
FN:15,(anonymous_2)
FN:41,classify
FNF:4
FNH:4
FNDA:3,(anonymous_0)
FNDA:1,(anonymous_1)
FNDA:3,(anonymous_2)
FNDA:3,classify
DA:5,7
DA:9,3
DA:10,3
DA:14,1
DA:15,1
DA:17,3
DA:18,3
DA:19,3
DA:32,1
DA:42,3
DA:43,3
DA:44,1
DA:46,2
DA:47,1
DA:48,1
DA:50,1
LF:16
LH:16
BRDA:10,0,0,3
BRDA:10,0,1,2
BRDA:10,1,0,2
BRDA:10,1,1,0
BRDA:16,2,0,3
BRDA:16,3,0,3
BRDA:16,4,0,3
BRDA:17,5,0,3
BRDA:17,5,1,0
BRDA:23,6,0,3
BRDA:23,6,1,0
BRDA:43,7,0,1
BRDA:43,7,1,2
BRDA:46,8,0,1
BRDA:46,8,1,1
BRF:15
BRH:12
end_of_record
TN:
SF:src\parsers\aiErrorsLogsParser.ts
FN:12,(anonymous_0)
FN:20,(anonymous_1)
FN:22,(anonymous_2)
FN:48,classify
FNF:4
FNH:4
FNDA:3,(anonymous_0)
FNDA:1,(anonymous_1)
FNDA:3,(anonymous_2)
FNDA:3,classify
DA:9,7
DA:13,3
DA:14,3
DA:21,1
DA:22,1
DA:24,3
DA:25,3
DA:26,3
DA:39,1
DA:49,3
DA:50,3
DA:51,1
DA:53,2
DA:54,1
DA:55,1
DA:57,1
LF:16
LH:16
BRDA:15,0,0,3
BRDA:15,0,1,2
BRDA:16,1,0,2
BRDA:16,1,1,0
BRDA:23,2,0,3
BRDA:23,3,0,3
BRDA:23,4,0,3
BRDA:23,5,0,3
BRDA:24,6,0,3
BRDA:24,6,1,0
BRDA:30,7,0,3
BRDA:30,7,1,0
BRDA:50,8,0,1
BRDA:50,8,1,2
BRDA:53,9,0,1
BRDA:53,9,1,1
BRF:16
BRH:13
end_of_record
TN:
SF:src\parsers\applicationLogsParser.ts
FN:12,(anonymous_0)
FN:20,(anonymous_1)
FN:22,(anonymous_2)
FN:49,classifyApplicationMessage
FN:86,extractMatchFields
FNF:5
FNH:5
FNDA:31,(anonymous_0)
FNDA:13,(anonymous_1)
FNDA:318,(anonymous_2)
FNDA:318,classifyApplicationMessage
FNDA:318,extractMatchFields
DA:9,7
DA:13,31
DA:14,31
DA:21,13
DA:22,13
DA:24,318
DA:25,318
DA:26,318
DA:40,13
DA:52,318
DA:53,318
DA:55,318
DA:56,11
DA:58,307
DA:59,63
DA:61,244
DA:62,13
DA:64,231
DA:65,39
DA:67,192
DA:68,17
DA:70,175
DA:81,34
DA:83,141
DA:87,318
DA:88,318
DA:89,318
DA:90,318
DA:91,318
DA:92,318
DA:97,318
DA:108,318
DA:109,27
DA:110,27
DA:111,27
DA:112,27
DA:113,27
DA:114,27
DA:117,318
LF:39
LH:39
BRDA:15,0,0,31
BRDA:15,0,1,24
BRDA:16,1,0,24
BRDA:16,1,1,0
BRDA:23,2,0,318
BRDA:23,3,0,318
BRDA:23,4,0,318
BRDA:23,5,0,318
BRDA:24,6,0,318
BRDA:24,6,1,0
BRDA:30,7,0,318
BRDA:30,7,1,0
BRDA:35,8,0,10
BRDA:35,8,1,308
BRDA:55,9,0,11
BRDA:55,9,1,307
BRDA:55,10,0,318
BRDA:55,10,1,309
BRDA:58,11,0,63
BRDA:58,11,1,244
BRDA:61,12,0,13
BRDA:61,12,1,231
BRDA:64,13,0,39
BRDA:64,13,1,192
BRDA:64,14,0,231
BRDA:64,14,1,217
BRDA:67,15,0,17
BRDA:67,15,1,175
BRDA:67,16,0,192
BRDA:67,16,1,188
BRDA:70,17,0,34
BRDA:70,17,1,141
BRDA:71,18,0,175
BRDA:71,18,1,166
BRDA:71,18,2,160
BRDA:71,18,3,158
BRDA:71,18,4,156
BRDA:71,18,5,154
BRDA:71,18,6,152
BRDA:71,18,7,149
BRDA:71,18,8,145
BRDA:91,19,0,37
BRDA:91,19,1,281
BRDA:108,20,0,27
BRDA:108,20,1,291
BRDA:110,21,0,27
BRDA:110,21,1,0
BRDA:111,22,0,17
BRDA:111,22,1,10
BRDA:112,23,0,27
BRDA:112,23,1,0
BRDA:113,24,0,17
BRDA:113,24,1,10
BRDA:114,25,0,27
BRDA:114,25,1,0
BRF:55
BRH:49
end_of_record
TN:
SF:src\parsers\backendCacheLogsParser.ts
FN:12,(anonymous_0)
FN:20,(anonymous_1)
FN:25,(anonymous_2)
FN:51,classify
FNF:4
FNH:4
FNDA:18,(anonymous_0)
FNDA:5,(anonymous_1)
FNDA:104,(anonymous_2)
FNDA:104,classify
DA:9,7
DA:13,18
DA:14,18
DA:24,5
DA:25,5
DA:27,104
DA:28,104
DA:29,104
DA:42,5
DA:52,104
DA:55,104
DA:56,104
DA:58,104
DA:59,104
DA:60,52
DA:61,52
DA:62,52
DA:64,52
DA:67,104
LF:19
LH:19
BRDA:15,0,0,18
BRDA:15,0,1,15
BRDA:16,1,0,15
BRDA:16,1,1,0
BRDA:26,2,0,104
BRDA:26,3,0,104
BRDA:26,4,0,104
BRDA:27,5,0,104
BRDA:27,5,1,0
BRDA:33,6,0,104
BRDA:33,6,1,0
BRDA:59,7,0,52
BRDA:59,7,1,52
BRDA:62,8,0,52
BRDA:62,8,1,0
BRF:15
BRH:11
end_of_record
TN:
SF:src\parsers\backendLogsParser.ts
FN:8,(anonymous_0)
FN:16,(anonymous_1)
FN:18,(anonymous_2)
FN:45,classifyBackendMessage
FNF:4
FNH:4
FNDA:22,(anonymous_0)
FNDA:7,(anonymous_1)
FNDA:1842,(anonymous_2)
FNDA:1842,classifyBackendMessage
DA:5,7
DA:9,22
DA:10,22
DA:17,7
DA:18,7
DA:20,1842
DA:21,1842
DA:22,1842
DA:36,7
DA:46,1842
DA:47,1842
DA:48,918
DA:49,918
DA:58,924
DA:59,919
DA:60,919
DA:69,5
DA:70,1
DA:71,1
DA:72,1
DA:81,4
DA:82,1
DA:83,1
DA:84,1
DA:94,3
DA:95,1
DA:100,2
DA:101,1
DA:102,1
DA:110,1
LF:30
LH:30
BRDA:11,0,0,22
BRDA:11,0,1,19
BRDA:12,1,0,19
BRDA:12,1,1,0
BRDA:19,2,0,1842
BRDA:19,3,0,1842
BRDA:19,4,0,1842
BRDA:19,5,0,1842
BRDA:20,6,0,1842
BRDA:20,6,1,0
BRDA:26,7,0,1842
BRDA:26,7,1,0
BRDA:31,8,0,0
BRDA:31,8,1,1842
BRDA:47,9,0,918
BRDA:47,9,1,924
BRDA:52,10,0,918
BRDA:52,10,1,0
BRDA:58,11,0,919
BRDA:58,11,1,5
BRDA:63,12,0,916
BRDA:63,12,1,3
BRDA:69,13,0,1
BRDA:69,13,1,4
BRDA:76,14,0,1
BRDA:76,14,1,0
BRDA:81,15,0,1
BRDA:81,15,1,3
BRDA:81,16,0,4
BRDA:81,16,1,1
BRDA:88,17,0,1
BRDA:88,17,1,0
BRDA:89,18,0,1
BRDA:89,18,1,0
BRDA:94,19,0,1
BRDA:94,19,1,2
BRDA:100,20,0,1
BRDA:100,20,1,1
BRDA:105,21,0,1
BRDA:105,21,1,0
BRF:40
BRH:31
end_of_record
TN:
SF:src\parsers\backendQueueLogsParser.ts
FN:13,(anonymous_0)
FN:21,(anonymous_1)
FN:26,(anonymous_2)
FN:53,parseContinuationJson
FNF:4
FNH:4
FNDA:15,(anonymous_0)
FNDA:1,(anonymous_1)
FNDA:2,(anonymous_2)
FNDA:2,parseContinuationJson
DA:10,6
DA:14,15
DA:15,15
DA:25,1
DA:26,1
DA:28,2
DA:29,2
DA:30,2
DA:44,1
DA:54,2
DA:55,2
DA:56,2
DA:57,2
DA:58,2
DA:59,1
DA:64,1
LF:16
LH:16
BRDA:16,0,0,15
BRDA:16,0,1,15
BRDA:17,1,0,15
BRDA:17,1,1,0
BRDA:27,2,0,2
BRDA:27,3,0,2
BRDA:27,4,0,2
BRDA:28,5,0,2
BRDA:28,5,1,0
BRDA:34,6,0,2
BRDA:34,6,1,0
BRDA:39,7,0,2
BRDA:39,7,1,0
BRDA:55,8,0,0
BRDA:55,8,1,2
BRDA:58,9,0,1
BRDA:58,9,1,1
BRF:17
BRH:12
end_of_record
TN:
SF:src\parsers\base.ts
FN:9,normalizeTimestamp
FN:23,groupByHeader
FN:44,deriveMetaFromEvents
FN:48,(anonymous_3)
FN:49,(anonymous_4)
FN:52,(anonymous_5)
FN:53,(anonymous_6)
FN:62,extractSessionPrefix
FNF:8
FNH:8
FNDA:2830,normalizeTimestamp
FNDA:65,groupByHeader
FNDA:65,deriveMetaFromEvents
FNDA:2830,(anonymous_3)
FNDA:2830,(anonymous_4)
FNDA:2830,(anonymous_5)
FNDA:2830,(anonymous_6)
FNDA:70,extractSessionPrefix
DA:10,2830
DA:12,2830
DA:13,2830
DA:16,2830
DA:17,2830
DA:18,2276
DA:20,554
DA:27,65
DA:28,65
DA:29,65
DA:30,65
DA:31,78333
DA:32,78333
DA:33,2830
DA:34,2830
DA:35,75503
DA:36,10387
DA:37,10364
DA:40,65
DA:41,65
DA:47,65
DA:48,2830
DA:49,2830
DA:51,65
DA:52,2830
DA:53,2830
DA:54,65
DA:63,70
DA:64,38
DA:67,38
LF:30
LH:30
BRDA:13,0,0,554
BRDA:13,0,1,2276
BRDA:17,1,0,2276
BRDA:17,1,1,554
BRDA:32,2,0,2830
BRDA:32,2,1,75503
BRDA:33,3,0,2769
BRDA:33,3,1,61
BRDA:35,4,0,10387
BRDA:35,4,1,65116
BRDA:36,5,0,23
BRDA:36,5,1,10364
BRDA:40,6,0,61
BRDA:40,6,1,4
BRDA:63,7,0,32
BRDA:63,7,1,38
BRF:16
BRH:16
end_of_record
TN:
SF:src\parsers\errorsLogsParser.ts
FN:8,(anonymous_0)
FN:16,(anonymous_1)
FN:18,(anonymous_2)
FN:45,classify
FNF:4
FNH:4
FNDA:15,(anonymous_0)
FNDA:2,(anonymous_1)
FNDA:26,(anonymous_2)
FNDA:26,classify
DA:5,6
DA:9,15
DA:10,15
DA:17,2
DA:18,2
DA:20,26
DA:21,26
DA:22,26
DA:36,2
DA:46,26
DA:47,26
DA:48,26
DA:49,25
DA:50,22
DA:51,21
DA:52,20
DA:53,19
DA:54,18
DA:55,16
DA:56,15
DA:57,14
DA:58,13
DA:59,12
DA:60,11
DA:61,8
DA:62,4
DA:63,3
DA:64,2
LF:28
LH:28
BRDA:11,0,0,15
BRDA:11,0,1,14
BRDA:12,1,0,14
BRDA:12,1,1,0
BRDA:19,2,0,26
BRDA:19,3,0,26
BRDA:19,4,0,26
BRDA:20,5,0,26
BRDA:20,5,1,0
BRDA:26,6,0,26
BRDA:26,6,1,0
BRDA:31,7,0,6
BRDA:31,7,1,20
BRDA:48,8,0,1
BRDA:48,8,1,25
BRDA:49,9,0,3
BRDA:49,9,1,22
BRDA:50,10,0,1
BRDA:50,10,1,21
BRDA:51,11,0,1
BRDA:51,11,1,20
BRDA:52,12,0,1
BRDA:52,12,1,19
BRDA:53,13,0,1
BRDA:53,13,1,18
BRDA:54,14,0,2
BRDA:54,14,1,16
BRDA:55,15,0,1
BRDA:55,15,1,15
BRDA:56,16,0,1
BRDA:56,16,1,14
BRDA:57,17,0,1
BRDA:57,17,1,13
BRDA:58,18,0,1
BRDA:58,18,1,12
BRDA:59,19,0,1
BRDA:59,19,1,11
BRDA:60,20,0,3
BRDA:60,20,1,8
BRDA:61,21,0,4
BRDA:61,21,1,4
BRDA:62,22,0,1
BRDA:62,22,1,3
BRDA:63,23,0,1
BRDA:63,23,1,2
BRF:45
BRH:42
end_of_record
TN:
SF:src\parsers\filesCheckerLogsParser.ts
FN:12,(anonymous_0)
FN:20,(anonymous_1)
FN:25,(anonymous_2)
FN:51,classify
FNF:4
FNH:4
FNDA:14,(anonymous_0)
FNDA:3,(anonymous_1)
FNDA:17,(anonymous_2)
FNDA:17,classify
DA:9,6
DA:13,14
DA:14,14
DA:24,3
DA:25,3
DA:27,17
DA:28,17
DA:29,17
DA:42,3
DA:54,17
DA:55,17
DA:56,7
DA:58,10
DA:59,3
DA:60,3
DA:62,7
DA:63,7
DA:64,7
DA:69,0
LF:19
LH:18
BRDA:15,0,0,14
BRDA:15,0,1,12
BRDA:16,1,0,12
BRDA:16,1,1,0
BRDA:26,2,0,17
BRDA:26,3,0,17
BRDA:26,4,0,17
BRDA:27,5,0,17
BRDA:27,5,1,0
BRDA:33,6,0,17
BRDA:33,6,1,0
BRDA:55,7,0,7
BRDA:55,7,1,10
BRDA:58,8,0,3
BRDA:58,8,1,7
BRDA:62,9,0,7
BRDA:62,9,1,0
BRDA:66,10,0,7
BRDA:66,10,1,0
BRF:19
BRH:14
end_of_record
TN:
SF:src\parsers\index.ts
FN:21,defaultParsers
FNF:1
FNH:1
FNDA:8,defaultParsers
DA:22,8
LF:1
LH:1
BRF:0
BRH:0
end_of_record
TN:
SF:src\parsers\insuranceLogsParser.ts
FN:12,(anonymous_0)
FN:20,(anonymous_1)
FN:25,(anonymous_2)
FN:51,classify
FNF:4
FNH:4
FNDA:12,(anonymous_0)
FNDA:2,(anonymous_1)
FNDA:6,(anonymous_2)
FNDA:6,classify
DA:9,6
DA:13,12
DA:14,12
DA:24,2
DA:25,2
DA:27,6
DA:28,6
DA:29,6
DA:42,2
DA:54,6
DA:55,6
DA:56,1
DA:57,1
DA:59,5
DA:60,4
DA:61,4
DA:63,1
LF:17
LH:17
BRDA:15,0,0,12
BRDA:15,0,1,11
BRDA:16,1,0,11
BRDA:16,1,1,0
BRDA:26,2,0,6
BRDA:26,3,0,6
BRDA:26,4,0,6
BRDA:26,5,0,6
BRDA:27,6,0,6
BRDA:27,6,1,0
BRDA:33,7,0,6
BRDA:33,7,1,0
BRDA:55,8,0,1
BRDA:55,8,1,5
BRDA:59,9,0,4
BRDA:59,9,1,1
BRF:16
BRH:13
end_of_record
TN:
SF:src\parsers\inventoryLogsParser.ts
FN:12,(anonymous_0)
FN:20,(anonymous_1)
FN:25,(anonymous_2)
FN:60,parseHeaderMessage
FN:82,parseContinuation
FNF:5
FNH:5
FNDA:11,(anonymous_0)
FNDA:4,(anonymous_1)
FNDA:4,(anonymous_2)
FNDA:4,parseHeaderMessage
FNDA:4,parseContinuation
DA:9,7
DA:13,11
DA:14,11
DA:24,4
DA:25,4
DA:27,4
DA:28,4
DA:29,4
DA:30,4
DA:51,4
DA:69,4
DA:70,4
DA:71,4
DA:72,4
DA:73,4
DA:83,4
DA:84,4
DA:85,16
DA:86,4
DA:87,4
DA:88,4
DA:89,4
DA:90,4
DA:91,4
DA:92,12
DA:93,4
DA:94,8
DA:95,4
DA:96,4
DA:97,4
DA:98,4
DA:99,4
DA:105,4
DA:106,4
DA:107,4
DA:108,4
DA:109,4
DA:110,4
DA:118,4
LF:39
LH:39
BRDA:15,0,0,11
BRDA:15,0,1,9
BRDA:16,1,0,9
BRDA:16,1,1,0
BRDA:26,2,0,4
BRDA:26,3,0,4
BRDA:26,4,0,4
BRDA:27,5,0,4
BRDA:27,5,1,0
BRDA:34,6,0,4
BRDA:34,6,1,0
BRDA:39,7,0,4
BRDA:39,7,1,0
BRDA:76,8,0,4
BRDA:76,8,1,0
BRDA:85,9,0,4
BRDA:85,9,1,12
BRDA:92,10,0,4
BRDA:92,10,1,8
BRDA:94,11,0,4
BRDA:94,11,1,4
BRDA:100,12,0,4
BRDA:100,12,1,0
BRDA:101,13,0,4
BRDA:101,13,1,0
BRDA:103,14,0,4
BRDA:103,14,1,0
BRDA:105,15,0,4
BRDA:105,15,1,0
BRDA:109,16,0,4
BRDA:109,16,1,0
BRF:31
BRH:21
end_of_record
TN:
SF:src\parsers\networkConnectionLogsParser.ts
FN:12,(anonymous_0)
FN:20,(anonymous_1)
FN:25,(anonymous_2)
FN:51,classify
FNF:4
FNH:4
FNDA:9,(anonymous_0)
FNDA:5,(anonymous_1)
FNDA:40,(anonymous_2)
FNDA:40,classify
DA:9,7
DA:13,9
DA:14,9
DA:24,5
DA:25,5
DA:27,40
DA:28,40
DA:29,40
DA:42,5
DA:54,40
DA:55,40
DA:58,40
DA:59,6
DA:63,34
DA:64,4
DA:68,30
DA:69,4
DA:70,4
DA:80,26
DA:81,5
DA:82,5
DA:83,5
DA:84,5
DA:85,5
DA:98,21
DA:99,7
DA:100,7
DA:101,7
DA:113,14
DA:114,3
DA:115,3
DA:119,11
DA:120,5
DA:121,5
DA:132,6
DA:133,1
DA:134,1
DA:144,5
DA:145,4
DA:148,1
LF:40
LH:40
BRDA:15,0,0,9
BRDA:15,0,1,6
BRDA:16,1,0,6
BRDA:16,1,1,0
BRDA:26,2,0,40
BRDA:26,3,0,40
BRDA:26,4,0,40
BRDA:26,5,0,40
BRDA:27,6,0,40
BRDA:27,6,1,0
BRDA:33,7,0,40
BRDA:33,7,1,0
BRDA:58,8,0,6
BRDA:58,8,1,34
BRDA:58,9,0,40
BRDA:58,9,1,34
BRDA:63,10,0,4
BRDA:63,10,1,30
BRDA:63,11,0,34
BRDA:63,11,1,30
BRDA:68,12,0,4
BRDA:68,12,1,26
BRDA:74,13,0,4
BRDA:74,13,1,0
BRDA:80,14,0,5
BRDA:80,14,1,21
BRDA:89,15,0,5
BRDA:89,15,1,0
BRDA:90,16,0,5
BRDA:90,16,1,0
BRDA:91,17,0,5
BRDA:91,17,1,0
BRDA:92,18,0,5
BRDA:92,18,1,0
BRDA:98,19,0,7
BRDA:98,19,1,14
BRDA:113,20,0,3
BRDA:113,20,1,11
BRDA:119,21,0,5
BRDA:119,21,1,6
BRDA:132,22,0,1
BRDA:132,22,1,5
BRDA:138,23,0,1
BRDA:138,23,1,0
BRDA:144,24,0,4
BRDA:144,24,1,1
BRF:46
BRH:37
end_of_record
TN:
SF:src\parsers\networkMessagesLogsParser.ts
FN:12,(anonymous_0)
FN:20,(anonymous_1)
FN:25,(anonymous_2)
FN:51,parseMetrics
FNF:4
FNH:4
FNDA:6,(anonymous_0)
FNDA:3,(anonymous_1)
FNDA:91,(anonymous_2)
FNDA:91,parseMetrics
DA:9,7
DA:13,6
DA:14,6
DA:24,3
DA:25,3
DA:27,91
DA:28,91
DA:29,91
DA:42,3
DA:52,91
DA:53,91
DA:54,91
DA:55,623
DA:56,623
DA:57,620
DA:58,620
DA:59,620
DA:61,91
LF:18
LH:18
BRDA:15,0,0,6
BRDA:15,0,1,5
BRDA:16,1,0,5
BRDA:16,1,1,0
BRDA:26,2,0,91
BRDA:26,3,0,91
BRDA:26,4,0,91
BRDA:27,5,0,91
BRDA:27,5,1,0
BRDA:33,6,0,91
BRDA:33,6,1,0
BRDA:56,7,0,3
BRDA:56,7,1,620
BRDA:56,8,0,623
BRDA:56,8,1,623
BRDA:59,9,0,2
BRDA:59,9,1,618
BRF:17
BRH:14
end_of_record
TN:
SF:src\parsers\objectPoolLogsParser.ts
FN:12,(anonymous_0)
FN:20,(anonymous_1)
FN:22,(anonymous_2)
FNF:3
FNH:3
FNDA:5,(anonymous_0)
FNDA:1,(anonymous_1)
FNDA:2,(anonymous_2)
DA:9,6
DA:13,5
DA:14,5
DA:21,1
DA:22,1
DA:24,2
DA:25,2
DA:26,2
DA:40,1
LF:9
LH:9
BRDA:15,0,0,5
BRDA:15,0,1,5
BRDA:16,1,0,5
BRDA:16,1,1,0
BRDA:23,2,0,2
BRDA:23,3,0,2
BRDA:23,4,0,2
BRDA:23,5,0,2
BRDA:24,6,0,2
BRDA:24,6,1,0
BRDA:25,7,0,1
BRDA:25,7,1,1
BRDA:30,8,0,2
BRDA:30,8,1,0
BRDA:35,9,0,0
BRDA:35,9,1,2
BRF:16
BRH:12
end_of_record
TN:
SF:src\parsers\outputLogsParser.ts
FN:8,(anonymous_0)
FN:16,(anonymous_1)
FN:18,(anonymous_2)
FN:45,classify
FNF:4
FNH:4
FNDA:5,(anonymous_0)
FNDA:2,(anonymous_1)
FNDA:3,(anonymous_2)
FNDA:3,classify
DA:5,7
DA:9,5
DA:10,5
DA:17,2
DA:18,2
DA:20,3
DA:21,3
DA:22,3
DA:36,2
DA:46,3
DA:47,3
DA:48,3
DA:49,3
DA:50,3
LF:14
LH:14
BRDA:11,0,0,5
BRDA:11,0,1,5
BRDA:12,1,0,5
BRDA:12,1,1,0
BRDA:19,2,0,3
BRDA:19,3,0,3
BRDA:19,4,0,3
BRDA:19,5,0,3
BRDA:20,6,0,3
BRDA:20,6,1,0
BRDA:26,7,0,3
BRDA:26,7,1,0
BRDA:31,8,0,1
BRDA:31,8,1,2
BRDA:48,9,0,2
BRDA:48,9,1,1
BRDA:49,10,0,3
BRDA:49,10,1,1
BRF:18
BRH:15
end_of_record
TN:
SF:src\parsers\playerLogsParser.ts
FN:8,(anonymous_0)
FN:16,(anonymous_1)
FN:18,(anonymous_2)
FN:44,classify
FNF:4
FNH:4
FNDA:5,(anonymous_0)
FNDA:2,(anonymous_1)
FNDA:5,(anonymous_2)
FNDA:5,classify
DA:5,7
DA:9,5
DA:10,5
DA:17,2
DA:18,2
DA:20,5
DA:21,5
DA:22,5
DA:35,2
DA:45,5
DA:46,5
DA:47,2
DA:48,2
DA:50,3
DA:51,2
DA:52,2
DA:53,2
DA:58,1
LF:18
LH:18
BRDA:11,0,0,5
BRDA:11,0,1,5
BRDA:12,1,0,5
BRDA:12,1,1,0
BRDA:19,2,0,5
BRDA:19,3,0,5
BRDA:19,4,0,5
BRDA:20,5,0,5
BRDA:20,5,1,0
BRDA:26,6,0,5
BRDA:26,6,1,0
BRDA:46,7,0,2
BRDA:46,7,1,3
BRDA:50,8,0,2
BRDA:50,8,1,1
BRF:15
BRH:12
end_of_record
TN:
SF:src\parsers\pushNotificationsLogsParser.ts
FN:13,(anonymous_0)
FN:21,(anonymous_1)
FN:26,(anonymous_2)
FN:53,classify
FN:179,extractQuestInfo
FN:206,(anonymous_5)
FN:207,(anonymous_6)
FN:212,(anonymous_7)
FN:213,(anonymous_8)
FN:214,(anonymous_9)
FN:273,extractRagfairInfo
FN:287,parseNotificationPayload
FN:375,parseMemberInfo
FNF:13
FNH:13
FNDA:5,(anonymous_0)
FNDA:8,(anonymous_1)
FNDA:328,(anonymous_2)
FNDA:328,classify
FNDA:62,extractQuestInfo
FNDA:40,(anonymous_5)
FNDA:40,(anonymous_6)
FNDA:20,(anonymous_7)
FNDA:14,(anonymous_8)
FNDA:14,(anonymous_9)
FNDA:62,extractRagfairInfo
FNDA:62,parseNotificationPayload
FNDA:3,parseMemberInfo
DA:10,7
DA:14,5
DA:15,5
DA:25,8
DA:26,8
DA:28,328
DA:29,328
DA:30,328
DA:44,8
DA:57,328
DA:60,328
DA:61,8
DA:62,8
DA:63,8
DA:67,320
DA:68,111
DA:69,111
DA:70,111
DA:77,209
DA:78,63
DA:79,63
DA:86,146
DA:87,54
DA:88,54
DA:89,54
DA:90,54
DA:91,54
DA:103,92
DA:104,63
DA:105,63
DA:129,63
DA:130,62
DA:131,62
DA:132,62
DA:133,62
DA:134,62
DA:135,62
DA:141,63
DA:142,8
DA:148,55
DA:166,29
DA:167,9
DA:171,20
DA:172,2
DA:173,2
DA:176,18
DA:192,62
DA:193,62
DA:195,62
DA:196,62
DA:198,20
DA:199,62
DA:203,62
DA:204,20
DA:205,20
DA:206,40
DA:207,40
DA:208,20
DA:210,10
DA:212,20
DA:213,14
DA:214,14
DA:217,10
DA:218,62
DA:219,0
DA:220,0
DA:221,0
DA:223,10
DA:224,0
DA:225,0
DA:228,10
DA:229,62
DA:230,62
DA:233,62
DA:234,62
DA:235,62
DA:236,62
DA:237,3
DA:238,8
DA:239,8
DA:240,8
DA:241,2
DA:242,2
DA:243,2
DA:245,6
DA:246,6
DA:251,10
DA:260,0
DA:261,10
DA:277,62
DA:278,8
DA:279,62
DA:280,62
DA:282,62
DA:283,62
DA:284,8
DA:291,62
DA:293,62
DA:294,62
DA:296,62
DA:298,3
DA:299,3
DA:308,4
DA:309,4
DA:323,1
DA:330,1
DA:339,1
DA:345,1
DA:351,20
DA:359,1
DA:366,30
DA:376,3
DA:377,3
LF:113
LH:107
BRDA:16,0,0,5
BRDA:16,0,1,2
BRDA:17,1,0,2
BRDA:17,1,1,0
BRDA:27,2,0,328
BRDA:27,3,0,328
BRDA:27,4,0,328
BRDA:27,5,0,328
BRDA:28,6,0,328
BRDA:28,6,1,0
BRDA:34,7,0,328
BRDA:34,7,1,0
BRDA:39,8,0,62
BRDA:39,8,1,266
BRDA:55,9,0,328
BRDA:60,10,0,8
BRDA:60,10,1,320
BRDA:67,11,0,111
BRDA:67,11,1,209
BRDA:72,12,0,111
BRDA:72,12,1,0
BRDA:77,13,0,63
BRDA:77,13,1,146
BRDA:81,14,0,63
BRDA:81,14,1,0
BRDA:86,15,0,54
BRDA:86,15,1,92
BRDA:95,16,0,54
BRDA:95,16,1,0
BRDA:96,17,0,54
BRDA:96,17,1,0
BRDA:103,18,0,63
BRDA:103,18,1,29
BRDA:129,19,0,62
BRDA:129,19,1,1
BRDA:141,20,0,8
BRDA:141,20,1,55
BRDA:166,21,0,9
BRDA:166,21,1,20
BRDA:171,22,0,2
BRDA:171,22,1,18
BRDA:173,23,0,2
BRDA:173,23,1,0
BRDA:192,24,0,62
BRDA:192,24,1,0
BRDA:193,25,0,62
BRDA:193,25,1,0
BRDA:195,26,0,62
BRDA:195,26,1,42
BRDA:195,26,2,42
BRDA:196,27,0,42
BRDA:196,27,1,20
BRDA:203,28,0,20
BRDA:203,28,1,42
BRDA:205,29,0,20
BRDA:205,29,1,0
BRDA:205,30,0,20
BRDA:205,30,1,20
BRDA:206,31,0,40
BRDA:206,31,1,0
BRDA:207,32,0,40
BRDA:207,32,1,37
BRDA:207,32,2,37
BRDA:208,33,0,10
BRDA:208,33,1,10
BRDA:212,34,0,3
BRDA:212,34,1,7
BRDA:212,35,0,0
BRDA:212,35,1,7
BRDA:213,36,0,7
BRDA:213,36,1,0
BRDA:214,37,0,14
BRDA:214,37,1,7
BRDA:217,38,0,10
BRDA:217,38,1,0
BRDA:218,39,0,0
BRDA:218,39,1,62
BRDA:218,40,0,62
BRDA:218,40,1,0
BRDA:219,41,0,0
BRDA:219,41,1,0
BRDA:219,42,0,0
BRDA:219,42,1,0
BRDA:220,43,0,0
BRDA:220,43,1,0
BRDA:221,44,0,0
BRDA:221,44,1,0
BRDA:223,45,0,0
BRDA:223,45,1,10
BRDA:223,46,0,10
BRDA:223,46,1,0
BRDA:225,47,0,0
BRDA:225,47,1,0
BRDA:225,48,0,0
BRDA:225,48,1,0
BRDA:230,49,0,10
BRDA:230,49,1,0
BRDA:236,50,0,3
BRDA:236,50,1,59
BRDA:239,51,0,0
BRDA:239,51,1,8
BRDA:240,52,0,2
BRDA:240,52,1,6
BRDA:242,53,0,2
BRDA:242,53,1,0
BRDA:243,54,0,2
BRDA:243,54,1,0
BRDA:246,55,0,6
BRDA:246,55,1,5
BRDA:251,56,0,0
BRDA:251,56,1,10
BRDA:252,57,0,10
BRDA:252,57,1,0
BRDA:252,57,2,0
BRDA:252,57,3,0
BRDA:252,57,4,0
BRDA:252,57,5,0
BRDA:252,57,6,0
BRDA:265,58,0,3
BRDA:265,58,1,7
BRDA:269,59,0,3
BRDA:269,59,1,7
BRDA:277,60,0,54
BRDA:277,60,1,8
BRDA:277,61,0,62
BRDA:277,61,1,0
BRDA:280,62,0,8
BRDA:280,62,1,0
BRDA:283,63,0,0
BRDA:283,63,1,62
BRDA:283,64,0,62
BRDA:283,64,1,0
BRDA:283,64,2,0
BRDA:291,65,0,0
BRDA:291,65,1,62
BRDA:296,66,0,3
BRDA:296,66,1,4
BRDA:296,66,2,1
BRDA:296,66,3,1
BRDA:296,66,4,1
BRDA:296,66,5,1
BRDA:296,66,6,1
BRDA:296,66,7,1
BRDA:296,66,8,20
BRDA:296,66,9,1
BRDA:296,66,10,30
BRDA:300,67,0,3
BRDA:300,67,1,0
BRDA:310,68,0,4
BRDA:310,68,1,0
BRDA:312,69,0,4
BRDA:312,69,1,0
BRDA:324,70,0,1
BRDA:324,70,1,0
BRDA:331,71,0,1
BRDA:331,71,1,0
BRDA:340,72,0,1
BRDA:340,72,1,0
BRDA:346,73,0,1
BRDA:346,73,1,0
BRDA:352,74,0,20
BRDA:352,74,1,0
BRDA:367,75,0,30
BRDA:367,75,1,0
BRDA:384,76,0,2
BRDA:384,76,1,1
BRF:166
BRH:109
end_of_record
TN:
SF:src\parsers\seasonsLogsParser.ts
FN:8,(anonymous_0)
FN:16,(anonymous_1)
FN:18,(anonymous_2)
FNF:3
FNH:3
FNDA:2,(anonymous_0)
FNDA:1,(anonymous_1)
FNDA:1,(anonymous_2)
DA:5,6
DA:9,2
DA:10,2
DA:17,1
DA:18,1
DA:20,1
DA:21,1
DA:33,1
LF:8
LH:8
BRDA:11,0,0,2
BRDA:11,0,1,2
BRDA:12,1,0,2
BRDA:12,1,1,0
BRDA:19,2,0,1
BRDA:19,3,0,1
BRDA:19,4,0,1
BRDA:20,5,0,1
BRDA:20,5,1,0
BRDA:25,6,0,1
BRDA:25,6,1,0
BRF:11
BRH:8
end_of_record
TN:
SF:src\parsers\spatialAudioLogsParser.ts
FN:12,(anonymous_0)
FN:20,(anonymous_1)
FN:25,(anonymous_2)
FN:52,classify
FNF:4
FNH:4
FNDA:2,(anonymous_0)
FNDA:4,(anonymous_1)
FNDA:35,(anonymous_2)
FNDA:35,classify
DA:9,7
DA:13,2
DA:14,2
DA:24,4
DA:25,4
DA:27,35
DA:28,35
DA:29,35
DA:43,4
DA:55,35
DA:58,35
DA:59,4
DA:63,31
DA:64,6
DA:68,25
DA:69,6
DA:70,6
DA:74,19
DA:75,8
DA:76,8
DA:77,8
DA:87,11
DA:88,4
DA:89,4
DA:90,4
DA:100,7
DA:101,2
DA:102,2
DA:106,5
DA:107,3
DA:110,2
LF:31
LH:31
BRDA:15,0,0,2
BRDA:15,0,1,0
BRDA:16,1,0,0
BRDA:16,1,1,0
BRDA:26,2,0,35
BRDA:26,3,0,35
BRDA:26,4,0,35
BRDA:26,5,0,35
BRDA:27,6,0,35
BRDA:27,6,1,0
BRDA:33,7,0,35
BRDA:33,7,1,0
BRDA:38,8,0,1
BRDA:38,8,1,34
BRDA:58,9,0,4
BRDA:58,9,1,31
BRDA:63,10,0,6
BRDA:63,10,1,25
BRDA:68,11,0,6
BRDA:68,11,1,19
BRDA:74,12,0,8
BRDA:74,12,1,11
BRDA:80,13,0,8
BRDA:80,13,1,0
BRDA:81,14,0,8
BRDA:81,14,1,0
BRDA:87,15,0,4
BRDA:87,15,1,7
BRDA:94,16,0,4
BRDA:94,16,1,0
BRDA:100,17,0,2
BRDA:100,17,1,5
BRDA:102,18,0,2
BRDA:102,18,1,0
BRDA:106,19,0,3
BRDA:106,19,1,2
BRF:36
BRH:27
end_of_record
